<?xml version="1.0" encoding="UTF-8"?>
<!-- Generated by org.testng.reporters.JUnitReportReporter -->
<testsuite hostname="Ritesh" name="Testcase.VerifyHomePage" tests="1" failures="0" timestamp="30 Jul 2017 04:25:20 GMT" time="31.182" errors="0">
  <testcase name="testHomePage" time="31.182" classname="Testcase.VerifyHomePage"/>
</testsuite> <!-- Testcase.VerifyHomePage -->
